<?xml version="1.0" encoding="UTF-8"?>
<!-- Generated by org.testng.reporters.JUnitReportReporter -->
<testsuite hostname="COLPT_006" name="swapi.Test2" tests="1" failures="0" timestamp="3 Oct 2019 14:10:54 GMT" time="1.192" errors="0">
  <testcase name="Test2" time="1.192" classname="swapi.Test2"/>
</testsuite> <!-- swapi.Test2 -->
