<?xml version="1.0" encoding="UTF-8"?>
<!-- Generated by org.testng.reporters.JUnitReportReporter -->
<testsuite hostname="COLPT_006" name="Starwar.Star_War_Main_Page" tests="1" failures="0" timestamp="3 Oct 2019 21:58:32 GMT" time="309.823" errors="0">
  <testcase name="Star_War" time="309.823" classname="Starwar.Star_War_Main_Page"/>
</testsuite> <!-- Starwar.Star_War_Main_Page -->
