<?xml version="1.0" encoding="UTF-8"?>
<!-- Generated by org.testng.reporters.JUnitReportReporter -->
<testsuite hostname="COLPT_006" name="swapi.Test1" tests="1" failures="0" timestamp="3 Oct 2019 22:06:50 GMT" time="8.013" errors="0">
  <testcase name="TestCase1" time="8.013" classname="swapi.Test1"/>
</testsuite> <!-- swapi.Test1 -->
