<?xml version="1.0" encoding="UTF-8"?>
<!-- Generated by org.testng.reporters.JUnitReportReporter -->
<testsuite hostname="COLPT_006" name="Starwar.Star_War_Video_Page" tests="1" failures="0" timestamp="3 Oct 2019 22:06:50 GMT" time="41.712" errors="0">
  <testcase name="f" time="41.712" classname="Starwar.Star_War_Video_Page"/>
</testsuite> <!-- Starwar.Star_War_Video_Page -->
