<?xml version="1.0" encoding="UTF-8"?>
<!-- Generated by org.testng.reporters.JUnitReportReporter -->
<testsuite hostname="COLPT_006" name="swapi.Test2" tests="1" failures="0" timestamp="3 Oct 2019 22:06:50 GMT" time="0.854" errors="0">
  <testcase name="Test2" time="0.854" classname="swapi.Test2"/>
</testsuite> <!-- swapi.Test2 -->
